[30m[PID:[1m[30m68252[0m][0m [1m[34m[RUN][0m [2m[30mpython cli.py --keops -b torch -l "./logs/keops/Wilson_pol/cglb-Matern32-1024-fp64/1001" -s 1001 -t fp64 train -n 2000 -d Wilson_pol sgpr -k Matern32 -m cglb -i ConditionalVariance -M 1024[0m
[30m[PID:[1m[30m10043[0m][0m [1m[34m[RUN][0m [2m[30mpython cli.py --keops -b torch -l "./logs/keops/Wilson_bike/cglb-Matern32-1024-fp64/1001" -s 1001 -t fp64 train -n 2000 -d Wilson_bike sgpr -k Matern32 -m cglb -i ConditionalVariance -M 1024[0m
[30m[PID:[1m[30m14487[0m][0m [1m[34m[RUN][0m [2m[30mpython cli.py --keops -b torch -l "./logs/keops/Wilson_bike/cglb-Matern32-1024-fp64/1001" -s 1001 -t fp64 train -n 2000 -d Wilson_bike sgpr -k Matern32 -m cglb -i ConditionalVariance -M 1024[0m
[30m[PID:[1m[30m14487[0m][0m [1m[32m[SUCCESS][0m [2m[30mpython cli.py --keops -b torch -l "./logs/keops/Wilson_bike/cglb-Matern32-1024-fp64/1001" -s 1001 -t fp64 train -n 2000 -d Wilson_bike sgpr -k Matern32 -m cglb -i ConditionalVariance -M 1024[0m
[30m[PID:[1m[30m17546[0m][0m [1m[34m[RUN][0m [2m[30mpython cli.py --keops -b torch -l "./logs/keops/Wilson_bike/cglb-Matern32-2048-fp64/1001" -s 1001 -t fp64 train -n 2000 -d Wilson_bike sgpr -k Matern32 -m cglb -i ConditionalVariance -M 2048[0m
[30m[PID:[1m[30m17546[0m][0m [1m[32m[SUCCESS][0m [2m[30mpython cli.py --keops -b torch -l "./logs/keops/Wilson_bike/cglb-Matern32-2048-fp64/1001" -s 1001 -t fp64 train -n 2000 -d Wilson_bike sgpr -k Matern32 -m cglb -i ConditionalVariance -M 2048[0m
[30m[PID:[1m[30m20131[0m][0m [1m[34m[RUN][0m [2m[30mpython cli.py --keops -b torch -l "./logs/keops/Wilson_bike/cglb-Matern32-4096-fp64/1001" -s 1001 -t fp64 train -n 2000 -d Wilson_bike sgpr -k Matern32 -m cglb -i ConditionalVariance -M 4096[0m
[30m[PID:[1m[30m20131[0m][0m [1m[32m[SUCCESS][0m [2m[30mpython cli.py --keops -b torch -l "./logs/keops/Wilson_bike/cglb-Matern32-4096-fp64/1001" -s 1001 -t fp64 train -n 2000 -d Wilson_bike sgpr -k Matern32 -m cglb -i ConditionalVariance -M 4096[0m
[30m[PID:[1m[30m23137[0m][0m [1m[34m[RUN][0m [2m[30mpython cli.py --keops -b torch -l "./logs/keops/Wilson_kin40k/cglb-Matern32-1024-fp64/1001" -s 1001 -t fp64 train -n 2000 -d Wilson_kin40k sgpr -k Matern32 -m cglb -i ConditionalVariance -M 1024[0m
[30m[PID:[1m[30m23137[0m][0m [1m[32m[SUCCESS][0m [2m[30mpython cli.py --keops -b torch -l "./logs/keops/Wilson_kin40k/cglb-Matern32-1024-fp64/1001" -s 1001 -t fp64 train -n 2000 -d Wilson_kin40k sgpr -k Matern32 -m cglb -i ConditionalVariance -M 1024[0m
[30m[PID:[1m[30m24563[0m][0m [1m[34m[RUN][0m [2m[30mpython cli.py --keops -b torch -l "./logs/keops/Wilson_kin40k/cglb-Matern32-2048-fp64/1001" -s 1001 -t fp64 train -n 2000 -d Wilson_kin40k sgpr -k Matern32 -m cglb -i ConditionalVariance -M 2048[0m
[30m[PID:[1m[30m24563[0m][0m [1m[32m[SUCCESS][0m [2m[30mpython cli.py --keops -b torch -l "./logs/keops/Wilson_kin40k/cglb-Matern32-2048-fp64/1001" -s 1001 -t fp64 train -n 2000 -d Wilson_kin40k sgpr -k Matern32 -m cglb -i ConditionalVariance -M 2048[0m
[30m[PID:[1m[30m26684[0m][0m [1m[34m[RUN][0m [2m[30mpython cli.py --keops -b torch -l "./logs/keops/Wilson_kin40k/cglb-Matern32-4096-fp64/1001" -s 1001 -t fp64 train -n 2000 -d Wilson_kin40k sgpr -k Matern32 -m cglb -i ConditionalVariance -M 4096[0m
[30m[PID:[1m[30m26684[0m][0m [1m[32m[SUCCESS][0m [2m[30mpython cli.py --keops -b torch -l "./logs/keops/Wilson_kin40k/cglb-Matern32-4096-fp64/1001" -s 1001 -t fp64 train -n 2000 -d Wilson_kin40k sgpr -k Matern32 -m cglb -i ConditionalVariance -M 4096[0m
[30m[PID:[1m[30m29614[0m][0m [1m[34m[RUN][0m [2m[30mpython cli.py --keops -b torch -l "./logs/keops/Wilson_elevators/cglb-Matern32-1024-fp64/1001" -s 1001 -t fp64 train -n 2000 -d Wilson_elevators sgpr -k Matern32 -m cglb -i ConditionalVariance -M 1024[0m
[30m[PID:[1m[30m29614[0m][0m [1m[32m[SUCCESS][0m [2m[30mpython cli.py --keops -b torch -l "./logs/keops/Wilson_elevators/cglb-Matern32-1024-fp64/1001" -s 1001 -t fp64 train -n 2000 -d Wilson_elevators sgpr -k Matern32 -m cglb -i ConditionalVariance -M 1024[0m
[30m[PID:[1m[30m31463[0m][0m [1m[34m[RUN][0m [2m[30mpython cli.py --keops -b torch -l "./logs/keops/Wilson_elevators/cglb-Matern32-2048-fp64/1001" -s 1001 -t fp64 train -n 2000 -d Wilson_elevators sgpr -k Matern32 -m cglb -i ConditionalVariance -M 2048[0m
[30m[PID:[1m[30m31463[0m][0m [1m[32m[SUCCESS][0m [2m[30mpython cli.py --keops -b torch -l "./logs/keops/Wilson_elevators/cglb-Matern32-2048-fp64/1001" -s 1001 -t fp64 train -n 2000 -d Wilson_elevators sgpr -k Matern32 -m cglb -i ConditionalVariance -M 2048[0m
[30m[PID:[1m[30m33542[0m][0m [1m[34m[RUN][0m [2m[30mpython cli.py --keops -b torch -l "./logs/keops/Wilson_elevators/cglb-Matern32-4096-fp64/1001" -s 1001 -t fp64 train -n 2000 -d Wilson_elevators sgpr -k Matern32 -m cglb -i ConditionalVariance -M 4096[0m
[30m[PID:[1m[30m33542[0m][0m [1m[32m[SUCCESS][0m [2m[30mpython cli.py --keops -b torch -l "./logs/keops/Wilson_elevators/cglb-Matern32-4096-fp64/1001" -s 1001 -t fp64 train -n 2000 -d Wilson_elevators sgpr -k Matern32 -m cglb -i ConditionalVariance -M 4096[0m
[30m[PID:[1m[30m37229[0m][0m [1m[34m[RUN][0m [2m[30mpython cli.py --keops -b torch -l "./logs/keops/Wilson_pol/cglb-Matern32-1024-fp64/1001" -s 1001 -t fp64 train -n 2000 -d Wilson_pol sgpr -k Matern32 -m cglb -i ConditionalVariance -M 1024[0m
[30m[PID:[1m[30m37229[0m][0m [1m[32m[SUCCESS][0m [2m[30mpython cli.py --keops -b torch -l "./logs/keops/Wilson_pol/cglb-Matern32-1024-fp64/1001" -s 1001 -t fp64 train -n 2000 -d Wilson_pol sgpr -k Matern32 -m cglb -i ConditionalVariance -M 1024[0m
[30m[PID:[1m[30m38663[0m][0m [1m[34m[RUN][0m [2m[30mpython cli.py --keops -b torch -l "./logs/keops/Wilson_pol/cglb-Matern32-2048-fp64/1001" -s 1001 -t fp64 train -n 2000 -d Wilson_pol sgpr -k Matern32 -m cglb -i ConditionalVariance -M 2048[0m
[30m[PID:[1m[30m38663[0m][0m [1m[32m[SUCCESS][0m [2m[30mpython cli.py --keops -b torch -l "./logs/keops/Wilson_pol/cglb-Matern32-2048-fp64/1001" -s 1001 -t fp64 train -n 2000 -d Wilson_pol sgpr -k Matern32 -m cglb -i ConditionalVariance -M 2048[0m
[30m[PID:[1m[30m40328[0m][0m [1m[34m[RUN][0m [2m[30mpython cli.py --keops -b torch -l "./logs/keops/Wilson_pol/cglb-Matern32-4096-fp64/1001" -s 1001 -t fp64 train -n 2000 -d Wilson_pol sgpr -k Matern32 -m cglb -i ConditionalVariance -M 4096[0m
[30m[PID:[1m[30m40328[0m][0m [1m[32m[SUCCESS][0m [2m[30mpython cli.py --keops -b torch -l "./logs/keops/Wilson_pol/cglb-Matern32-4096-fp64/1001" -s 1001 -t fp64 train -n 2000 -d Wilson_pol sgpr -k Matern32 -m cglb -i ConditionalVariance -M 4096[0m
[30m[PID:[1m[30m42748[0m][0m [1m[34m[RUN][0m [2m[30mpython cli.py --keops -b torch -l "./logs/keops/Wilson_protein/cglb-Matern32-1024-fp64/1001" -s 1001 -t fp64 train -n 2000 -d Wilson_protein sgpr -k Matern32 -m cglb -i ConditionalVariance -M 1024[0m
[30m[PID:[1m[30m42748[0m][0m [1m[32m[SUCCESS][0m [2m[30mpython cli.py --keops -b torch -l "./logs/keops/Wilson_protein/cglb-Matern32-1024-fp64/1001" -s 1001 -t fp64 train -n 2000 -d Wilson_protein sgpr -k Matern32 -m cglb -i ConditionalVariance -M 1024[0m
[30m[PID:[1m[30m44343[0m][0m [1m[34m[RUN][0m [2m[30mpython cli.py --keops -b torch -l "./logs/keops/Wilson_protein/cglb-Matern32-2048-fp64/1001" -s 1001 -t fp64 train -n 2000 -d Wilson_protein sgpr -k Matern32 -m cglb -i ConditionalVariance -M 2048[0m
[30m[PID:[1m[30m44343[0m][0m [1m[32m[SUCCESS][0m [2m[30mpython cli.py --keops -b torch -l "./logs/keops/Wilson_protein/cglb-Matern32-2048-fp64/1001" -s 1001 -t fp64 train -n 2000 -d Wilson_protein sgpr -k Matern32 -m cglb -i ConditionalVariance -M 2048[0m
[30m[PID:[1m[30m47309[0m][0m [1m[34m[RUN][0m [2m[30mpython cli.py --keops -b torch -l "./logs/keops/Wilson_protein/cglb-Matern32-4096-fp64/1001" -s 1001 -t fp64 train -n 2000 -d Wilson_protein sgpr -k Matern32 -m cglb -i ConditionalVariance -M 4096[0m
[30m[PID:[1m[30m47309[0m][0m [1m[32m[SUCCESS][0m [2m[30mpython cli.py --keops -b torch -l "./logs/keops/Wilson_protein/cglb-Matern32-4096-fp64/1001" -s 1001 -t fp64 train -n 2000 -d Wilson_protein sgpr -k Matern32 -m cglb -i ConditionalVariance -M 4096[0m
[30m[PID:[1m[30m54311[0m][0m [1m[34m[RUN][0m [2m[30mpython cli.py --keops -b torch -l "./logs/keops/Wilson_keggundirected/cglb-Matern32-1024-fp64/1001" -s 1001 -t fp64 train -n 2000 -d Wilson_keggundirected sgpr -k Matern32 -m cglb -i ConditionalVariance -M 1024[0m
[30m[PID:[1m[30m54311[0m][0m [1m[32m[SUCCESS][0m [2m[30mpython cli.py --keops -b torch -l "./logs/keops/Wilson_keggundirected/cglb-Matern32-1024-fp64/1001" -s 1001 -t fp64 train -n 2000 -d Wilson_keggundirected sgpr -k Matern32 -m cglb -i ConditionalVariance -M 1024[0m
[30m[PID:[1m[30m57370[0m][0m [1m[34m[RUN][0m [2m[30mpython cli.py --keops -b torch -l "./logs/keops/Wilson_keggundirected/cglb-Matern32-2048-fp64/1001" -s 1001 -t fp64 train -n 2000 -d Wilson_keggundirected sgpr -k Matern32 -m cglb -i ConditionalVariance -M 2048[0m
[30m[PID:[1m[30m57370[0m][0m [1m[32m[SUCCESS][0m [2m[30mpython cli.py --keops -b torch -l "./logs/keops/Wilson_keggundirected/cglb-Matern32-2048-fp64/1001" -s 1001 -t fp64 train -n 2000 -d Wilson_keggundirected sgpr -k Matern32 -m cglb -i ConditionalVariance -M 2048[0m
[30m[PID:[1m[30m63062[0m][0m [1m[34m[RUN][0m [2m[30mpython cli.py --keops -b torch -l "./logs/keops/Wilson_keggundirected/cglb-Matern32-4096-fp64/1001" -s 1001 -t fp64 train -n 2000 -d Wilson_keggundirected sgpr -k Matern32 -m cglb -i ConditionalVariance -M 4096[0m
[30m[PID:[1m[30m63062[0m][0m [1m[31m[FAILED][0m [2m[30mpython cli.py --keops -b torch -l "./logs/keops/Wilson_keggundirected/cglb-Matern32-4096-fp64/1001" -s 1001 -t fp64 train -n 2000 -d Wilson_keggundirected sgpr -k Matern32 -m cglb -i ConditionalVariance -M 4096[0m
[30m[PID:[1m[30m73967[0m][0m [1m[34m[RUN][0m [2m[30mpython cli.py --keops -b torch -l "./logs/keops/Wilson_bike/cglb-Matern32-1024-fp64/1002" -s 1002 -t fp64 train -n 2000 -d Wilson_bike sgpr -k Matern32 -m cglb -i ConditionalVariance -M 1024[0m
[30m[PID:[1m[30m73967[0m][0m [1m[32m[SUCCESS][0m [2m[30mpython cli.py --keops -b torch -l "./logs/keops/Wilson_bike/cglb-Matern32-1024-fp64/1002" -s 1002 -t fp64 train -n 2000 -d Wilson_bike sgpr -k Matern32 -m cglb -i ConditionalVariance -M 1024[0m
[30m[PID:[1m[30m75894[0m][0m [1m[34m[RUN][0m [2m[30mpython cli.py --keops -b torch -l "./logs/keops/Wilson_bike/cglb-Matern32-2048-fp64/1002" -s 1002 -t fp64 train -n 2000 -d Wilson_bike sgpr -k Matern32 -m cglb -i ConditionalVariance -M 2048[0m
[30m[PID:[1m[30m75894[0m][0m [1m[32m[SUCCESS][0m [2m[30mpython cli.py --keops -b torch -l "./logs/keops/Wilson_bike/cglb-Matern32-2048-fp64/1002" -s 1002 -t fp64 train -n 2000 -d Wilson_bike sgpr -k Matern32 -m cglb -i ConditionalVariance -M 2048[0m
[30m[PID:[1m[30m78031[0m][0m [1m[34m[RUN][0m [2m[30mpython cli.py --keops -b torch -l "./logs/keops/Wilson_bike/cglb-Matern32-4096-fp64/1002" -s 1002 -t fp64 train -n 2000 -d Wilson_bike sgpr -k Matern32 -m cglb -i ConditionalVariance -M 4096[0m
[30m[PID:[1m[30m78031[0m][0m [1m[32m[SUCCESS][0m [2m[30mpython cli.py --keops -b torch -l "./logs/keops/Wilson_bike/cglb-Matern32-4096-fp64/1002" -s 1002 -t fp64 train -n 2000 -d Wilson_bike sgpr -k Matern32 -m cglb -i ConditionalVariance -M 4096[0m
[30m[PID:[1m[30m82067[0m][0m [1m[34m[RUN][0m [2m[30mpython cli.py --keops -b torch -l "./logs/keops/Wilson_kin40k/cglb-Matern32-1024-fp64/1002" -s 1002 -t fp64 train -n 2000 -d Wilson_kin40k sgpr -k Matern32 -m cglb -i ConditionalVariance -M 1024[0m
[30m[PID:[1m[30m82067[0m][0m [1m[32m[SUCCESS][0m [2m[30mpython cli.py --keops -b torch -l "./logs/keops/Wilson_kin40k/cglb-Matern32-1024-fp64/1002" -s 1002 -t fp64 train -n 2000 -d Wilson_kin40k sgpr -k Matern32 -m cglb -i ConditionalVariance -M 1024[0m
[30m[PID:[1m[30m83602[0m][0m [1m[34m[RUN][0m [2m[30mpython cli.py --keops -b torch -l "./logs/keops/Wilson_kin40k/cglb-Matern32-2048-fp64/1002" -s 1002 -t fp64 train -n 2000 -d Wilson_kin40k sgpr -k Matern32 -m cglb -i ConditionalVariance -M 2048[0m
[30m[PID:[1m[30m83602[0m][0m [1m[32m[SUCCESS][0m [2m[30mpython cli.py --keops -b torch -l "./logs/keops/Wilson_kin40k/cglb-Matern32-2048-fp64/1002" -s 1002 -t fp64 train -n 2000 -d Wilson_kin40k sgpr -k Matern32 -m cglb -i ConditionalVariance -M 2048[0m
[30m[PID:[1m[30m85511[0m][0m [1m[34m[RUN][0m [2m[30mpython cli.py --keops -b torch -l "./logs/keops/Wilson_kin40k/cglb-Matern32-4096-fp64/1002" -s 1002 -t fp64 train -n 2000 -d Wilson_kin40k sgpr -k Matern32 -m cglb -i ConditionalVariance -M 4096[0m
[30m[PID:[1m[30m85511[0m][0m [1m[32m[SUCCESS][0m [2m[30mpython cli.py --keops -b torch -l "./logs/keops/Wilson_kin40k/cglb-Matern32-4096-fp64/1002" -s 1002 -t fp64 train -n 2000 -d Wilson_kin40k sgpr -k Matern32 -m cglb -i ConditionalVariance -M 4096[0m
[30m[PID:[1m[30m87985[0m][0m [1m[34m[RUN][0m [2m[30mpython cli.py --keops -b torch -l "./logs/keops/Wilson_elevators/cglb-Matern32-1024-fp64/1002" -s 1002 -t fp64 train -n 2000 -d Wilson_elevators sgpr -k Matern32 -m cglb -i ConditionalVariance -M 1024[0m
[30m[PID:[1m[30m87985[0m][0m [1m[32m[SUCCESS][0m [2m[30mpython cli.py --keops -b torch -l "./logs/keops/Wilson_elevators/cglb-Matern32-1024-fp64/1002" -s 1002 -t fp64 train -n 2000 -d Wilson_elevators sgpr -k Matern32 -m cglb -i ConditionalVariance -M 1024[0m
[30m[PID:[1m[30m89464[0m][0m [1m[34m[RUN][0m [2m[30mpython cli.py --keops -b torch -l "./logs/keops/Wilson_elevators/cglb-Matern32-2048-fp64/1002" -s 1002 -t fp64 train -n 2000 -d Wilson_elevators sgpr -k Matern32 -m cglb -i ConditionalVariance -M 2048[0m
[30m[PID:[1m[30m89464[0m][0m [1m[32m[SUCCESS][0m [2m[30mpython cli.py --keops -b torch -l "./logs/keops/Wilson_elevators/cglb-Matern32-2048-fp64/1002" -s 1002 -t fp64 train -n 2000 -d Wilson_elevators sgpr -k Matern32 -m cglb -i ConditionalVariance -M 2048[0m
[30m[PID:[1m[30m91289[0m][0m [1m[34m[RUN][0m [2m[30mpython cli.py --keops -b torch -l "./logs/keops/Wilson_elevators/cglb-Matern32-4096-fp64/1002" -s 1002 -t fp64 train -n 2000 -d Wilson_elevators sgpr -k Matern32 -m cglb -i ConditionalVariance -M 4096[0m
[30m[PID:[1m[30m91289[0m][0m [1m[32m[SUCCESS][0m [2m[30mpython cli.py --keops -b torch -l "./logs/keops/Wilson_elevators/cglb-Matern32-4096-fp64/1002" -s 1002 -t fp64 train -n 2000 -d Wilson_elevators sgpr -k Matern32 -m cglb -i ConditionalVariance -M 4096[0m
[30m[PID:[1m[30m93858[0m][0m [1m[34m[RUN][0m [2m[30mpython cli.py --keops -b torch -l "./logs/keops/Wilson_pol/cglb-Matern32-1024-fp64/1002" -s 1002 -t fp64 train -n 2000 -d Wilson_pol sgpr -k Matern32 -m cglb -i ConditionalVariance -M 1024[0m
[30m[PID:[1m[30m93858[0m][0m [1m[32m[SUCCESS][0m [2m[30mpython cli.py --keops -b torch -l "./logs/keops/Wilson_pol/cglb-Matern32-1024-fp64/1002" -s 1002 -t fp64 train -n 2000 -d Wilson_pol sgpr -k Matern32 -m cglb -i ConditionalVariance -M 1024[0m
[30m[PID:[1m[30m95261[0m][0m [1m[34m[RUN][0m [2m[30mpython cli.py --keops -b torch -l "./logs/keops/Wilson_pol/cglb-Matern32-2048-fp64/1002" -s 1002 -t fp64 train -n 2000 -d Wilson_pol sgpr -k Matern32 -m cglb -i ConditionalVariance -M 2048[0m
[30m[PID:[1m[30m95261[0m][0m [1m[32m[SUCCESS][0m [2m[30mpython cli.py --keops -b torch -l "./logs/keops/Wilson_pol/cglb-Matern32-2048-fp64/1002" -s 1002 -t fp64 train -n 2000 -d Wilson_pol sgpr -k Matern32 -m cglb -i ConditionalVariance -M 2048[0m
[30m[PID:[1m[30m96924[0m][0m [1m[34m[RUN][0m [2m[30mpython cli.py --keops -b torch -l "./logs/keops/Wilson_pol/cglb-Matern32-4096-fp64/1002" -s 1002 -t fp64 train -n 2000 -d Wilson_pol sgpr -k Matern32 -m cglb -i ConditionalVariance -M 4096[0m
[30m[PID:[1m[30m96924[0m][0m [1m[32m[SUCCESS][0m [2m[30mpython cli.py --keops -b torch -l "./logs/keops/Wilson_pol/cglb-Matern32-4096-fp64/1002" -s 1002 -t fp64 train -n 2000 -d Wilson_pol sgpr -k Matern32 -m cglb -i ConditionalVariance -M 4096[0m
[30m[PID:[1m[30m99068[0m][0m [1m[34m[RUN][0m [2m[30mpython cli.py --keops -b torch -l "./logs/keops/Wilson_protein/cglb-Matern32-1024-fp64/1002" -s 1002 -t fp64 train -n 2000 -d Wilson_protein sgpr -k Matern32 -m cglb -i ConditionalVariance -M 1024[0m
[30m[PID:[1m[30m99068[0m][0m [1m[32m[SUCCESS][0m [2m[30mpython cli.py --keops -b torch -l "./logs/keops/Wilson_protein/cglb-Matern32-1024-fp64/1002" -s 1002 -t fp64 train -n 2000 -d Wilson_protein sgpr -k Matern32 -m cglb -i ConditionalVariance -M 1024[0m
[30m[PID:[1m[30m100744[0m][0m [1m[34m[RUN][0m [2m[30mpython cli.py --keops -b torch -l "./logs/keops/Wilson_protein/cglb-Matern32-2048-fp64/1002" -s 1002 -t fp64 train -n 2000 -d Wilson_protein sgpr -k Matern32 -m cglb -i ConditionalVariance -M 2048[0m
[30m[PID:[1m[30m100744[0m][0m [1m[32m[SUCCESS][0m [2m[30mpython cli.py --keops -b torch -l "./logs/keops/Wilson_protein/cglb-Matern32-2048-fp64/1002" -s 1002 -t fp64 train -n 2000 -d Wilson_protein sgpr -k Matern32 -m cglb -i ConditionalVariance -M 2048[0m
[30m[PID:[1m[30m102762[0m][0m [1m[34m[RUN][0m [2m[30mpython cli.py --keops -b torch -l "./logs/keops/Wilson_protein/cglb-Matern32-4096-fp64/1002" -s 1002 -t fp64 train -n 2000 -d Wilson_protein sgpr -k Matern32 -m cglb -i ConditionalVariance -M 4096[0m
[30m[PID:[1m[30m102762[0m][0m [1m[32m[SUCCESS][0m [2m[30mpython cli.py --keops -b torch -l "./logs/keops/Wilson_protein/cglb-Matern32-4096-fp64/1002" -s 1002 -t fp64 train -n 2000 -d Wilson_protein sgpr -k Matern32 -m cglb -i ConditionalVariance -M 4096[0m
[30m[PID:[1m[30m105636[0m][0m [1m[34m[RUN][0m [2m[30mpython cli.py --keops -b torch -l "./logs/keops/Wilson_keggundirected/cglb-Matern32-1024-fp64/1002" -s 1002 -t fp64 train -n 2000 -d Wilson_keggundirected sgpr -k Matern32 -m cglb -i ConditionalVariance -M 1024[0m
[30m[PID:[1m[30m105636[0m][0m [1m[32m[SUCCESS][0m [2m[30mpython cli.py --keops -b torch -l "./logs/keops/Wilson_keggundirected/cglb-Matern32-1024-fp64/1002" -s 1002 -t fp64 train -n 2000 -d Wilson_keggundirected sgpr -k Matern32 -m cglb -i ConditionalVariance -M 1024[0m
[30m[PID:[1m[30m108896[0m][0m [1m[34m[RUN][0m [2m[30mpython cli.py --keops -b torch -l "./logs/keops/Wilson_keggundirected/cglb-Matern32-2048-fp64/1002" -s 1002 -t fp64 train -n 2000 -d Wilson_keggundirected sgpr -k Matern32 -m cglb -i ConditionalVariance -M 2048[0m
[30m[PID:[1m[30m108896[0m][0m [1m[32m[SUCCESS][0m [2m[30mpython cli.py --keops -b torch -l "./logs/keops/Wilson_keggundirected/cglb-Matern32-2048-fp64/1002" -s 1002 -t fp64 train -n 2000 -d Wilson_keggundirected sgpr -k Matern32 -m cglb -i ConditionalVariance -M 2048[0m
[30m[PID:[1m[30m113327[0m][0m [1m[34m[RUN][0m [2m[30mpython cli.py --keops -b torch -l "./logs/keops/Wilson_keggundirected/cglb-Matern32-4096-fp64/1002" -s 1002 -t fp64 train -n 2000 -d Wilson_keggundirected sgpr -k Matern32 -m cglb -i ConditionalVariance -M 4096[0m
[30m[PID:[1m[30m113327[0m][0m [1m[32m[SUCCESS][0m [2m[30mpython cli.py --keops -b torch -l "./logs/keops/Wilson_keggundirected/cglb-Matern32-4096-fp64/1002" -s 1002 -t fp64 train -n 2000 -d Wilson_keggundirected sgpr -k Matern32 -m cglb -i ConditionalVariance -M 4096[0m
[30m[PID:[1m[30m124917[0m][0m [1m[34m[RUN][0m [2m[30mpython cli.py --keops -b torch -l "./logs/keops/Wilson_bike/cglb-Matern32-1024-fp64/1003" -s 1003 -t fp64 train -n 2000 -d Wilson_bike sgpr -k Matern32 -m cglb -i ConditionalVariance -M 1024[0m
[30m[PID:[1m[30m124917[0m][0m [1m[32m[SUCCESS][0m [2m[30mpython cli.py --keops -b torch -l "./logs/keops/Wilson_bike/cglb-Matern32-1024-fp64/1003" -s 1003 -t fp64 train -n 2000 -d Wilson_bike sgpr -k Matern32 -m cglb -i ConditionalVariance -M 1024[0m
[30m[PID:[1m[30m126858[0m][0m [1m[34m[RUN][0m [2m[30mpython cli.py --keops -b torch -l "./logs/keops/Wilson_bike/cglb-Matern32-2048-fp64/1003" -s 1003 -t fp64 train -n 2000 -d Wilson_bike sgpr -k Matern32 -m cglb -i ConditionalVariance -M 2048[0m
[30m[PID:[1m[30m126858[0m][0m [1m[32m[SUCCESS][0m [2m[30mpython cli.py --keops -b torch -l "./logs/keops/Wilson_bike/cglb-Matern32-2048-fp64/1003" -s 1003 -t fp64 train -n 2000 -d Wilson_bike sgpr -k Matern32 -m cglb -i ConditionalVariance -M 2048[0m
[30m[PID:[1m[30m129290[0m][0m [1m[34m[RUN][0m [2m[30mpython cli.py --keops -b torch -l "./logs/keops/Wilson_bike/cglb-Matern32-4096-fp64/1003" -s 1003 -t fp64 train -n 2000 -d Wilson_bike sgpr -k Matern32 -m cglb -i ConditionalVariance -M 4096[0m
[30m[PID:[1m[30m129290[0m][0m [1m[32m[SUCCESS][0m [2m[30mpython cli.py --keops -b torch -l "./logs/keops/Wilson_bike/cglb-Matern32-4096-fp64/1003" -s 1003 -t fp64 train -n 2000 -d Wilson_bike sgpr -k Matern32 -m cglb -i ConditionalVariance -M 4096[0m
[30m[PID:[1m[30m133572[0m][0m [1m[34m[RUN][0m [2m[30mpython cli.py --keops -b torch -l "./logs/keops/Wilson_kin40k/cglb-Matern32-1024-fp64/1003" -s 1003 -t fp64 train -n 2000 -d Wilson_kin40k sgpr -k Matern32 -m cglb -i ConditionalVariance -M 1024[0m
[30m[PID:[1m[30m133572[0m][0m [1m[32m[SUCCESS][0m [2m[30mpython cli.py --keops -b torch -l "./logs/keops/Wilson_kin40k/cglb-Matern32-1024-fp64/1003" -s 1003 -t fp64 train -n 2000 -d Wilson_kin40k sgpr -k Matern32 -m cglb -i ConditionalVariance -M 1024[0m
[30m[PID:[1m[30m135038[0m][0m [1m[34m[RUN][0m [2m[30mpython cli.py --keops -b torch -l "./logs/keops/Wilson_kin40k/cglb-Matern32-2048-fp64/1003" -s 1003 -t fp64 train -n 2000 -d Wilson_kin40k sgpr -k Matern32 -m cglb -i ConditionalVariance -M 2048[0m
[30m[PID:[1m[30m135038[0m][0m [1m[32m[SUCCESS][0m [2m[30mpython cli.py --keops -b torch -l "./logs/keops/Wilson_kin40k/cglb-Matern32-2048-fp64/1003" -s 1003 -t fp64 train -n 2000 -d Wilson_kin40k sgpr -k Matern32 -m cglb -i ConditionalVariance -M 2048[0m
[30m[PID:[1m[30m136843[0m][0m [1m[34m[RUN][0m [2m[30mpython cli.py --keops -b torch -l "./logs/keops/Wilson_kin40k/cglb-Matern32-4096-fp64/1003" -s 1003 -t fp64 train -n 2000 -d Wilson_kin40k sgpr -k Matern32 -m cglb -i ConditionalVariance -M 4096[0m
[30m[PID:[1m[30m136843[0m][0m [1m[32m[SUCCESS][0m [2m[30mpython cli.py --keops -b torch -l "./logs/keops/Wilson_kin40k/cglb-Matern32-4096-fp64/1003" -s 1003 -t fp64 train -n 2000 -d Wilson_kin40k sgpr -k Matern32 -m cglb -i ConditionalVariance -M 4096[0m
[30m[PID:[1m[30m139571[0m][0m [1m[34m[RUN][0m [2m[30mpython cli.py --keops -b torch -l "./logs/keops/Wilson_elevators/cglb-Matern32-1024-fp64/1003" -s 1003 -t fp64 train -n 2000 -d Wilson_elevators sgpr -k Matern32 -m cglb -i ConditionalVariance -M 1024[0m
[30m[PID:[1m[30m139571[0m][0m [1m[32m[SUCCESS][0m [2m[30mpython cli.py --keops -b torch -l "./logs/keops/Wilson_elevators/cglb-Matern32-1024-fp64/1003" -s 1003 -t fp64 train -n 2000 -d Wilson_elevators sgpr -k Matern32 -m cglb -i ConditionalVariance -M 1024[0m
[30m[PID:[1m[30m141380[0m][0m [1m[34m[RUN][0m [2m[30mpython cli.py --keops -b torch -l "./logs/keops/Wilson_elevators/cglb-Matern32-2048-fp64/1003" -s 1003 -t fp64 train -n 2000 -d Wilson_elevators sgpr -k Matern32 -m cglb -i ConditionalVariance -M 2048[0m
[30m[PID:[1m[30m141380[0m][0m [1m[32m[SUCCESS][0m [2m[30mpython cli.py --keops -b torch -l "./logs/keops/Wilson_elevators/cglb-Matern32-2048-fp64/1003" -s 1003 -t fp64 train -n 2000 -d Wilson_elevators sgpr -k Matern32 -m cglb -i ConditionalVariance -M 2048[0m
[30m[PID:[1m[30m143216[0m][0m [1m[34m[RUN][0m [2m[30mpython cli.py --keops -b torch -l "./logs/keops/Wilson_elevators/cglb-Matern32-4096-fp64/1003" -s 1003 -t fp64 train -n 2000 -d Wilson_elevators sgpr -k Matern32 -m cglb -i ConditionalVariance -M 4096[0m
[30m[PID:[1m[30m143216[0m][0m [1m[32m[SUCCESS][0m [2m[30mpython cli.py --keops -b torch -l "./logs/keops/Wilson_elevators/cglb-Matern32-4096-fp64/1003" -s 1003 -t fp64 train -n 2000 -d Wilson_elevators sgpr -k Matern32 -m cglb -i ConditionalVariance -M 4096[0m
[30m[PID:[1m[30m146729[0m][0m [1m[34m[RUN][0m [2m[30mpython cli.py --keops -b torch -l "./logs/keops/Wilson_pol/cglb-Matern32-1024-fp64/1003" -s 1003 -t fp64 train -n 2000 -d Wilson_pol sgpr -k Matern32 -m cglb -i ConditionalVariance -M 1024[0m
[30m[PID:[1m[30m146729[0m][0m [1m[32m[SUCCESS][0m [2m[30mpython cli.py --keops -b torch -l "./logs/keops/Wilson_pol/cglb-Matern32-1024-fp64/1003" -s 1003 -t fp64 train -n 2000 -d Wilson_pol sgpr -k Matern32 -m cglb -i ConditionalVariance -M 1024[0m
[30m[PID:[1m[30m148210[0m][0m [1m[34m[RUN][0m [2m[30mpython cli.py --keops -b torch -l "./logs/keops/Wilson_pol/cglb-Matern32-2048-fp64/1003" -s 1003 -t fp64 train -n 2000 -d Wilson_pol sgpr -k Matern32 -m cglb -i ConditionalVariance -M 2048[0m
[30m[PID:[1m[30m148210[0m][0m [1m[32m[SUCCESS][0m [2m[30mpython cli.py --keops -b torch -l "./logs/keops/Wilson_pol/cglb-Matern32-2048-fp64/1003" -s 1003 -t fp64 train -n 2000 -d Wilson_pol sgpr -k Matern32 -m cglb -i ConditionalVariance -M 2048[0m
[30m[PID:[1m[30m149967[0m][0m [1m[34m[RUN][0m [2m[30mpython cli.py --keops -b torch -l "./logs/keops/Wilson_pol/cglb-Matern32-4096-fp64/1003" -s 1003 -t fp64 train -n 2000 -d Wilson_pol sgpr -k Matern32 -m cglb -i ConditionalVariance -M 4096[0m
[30m[PID:[1m[30m149967[0m][0m [1m[32m[SUCCESS][0m [2m[30mpython cli.py --keops -b torch -l "./logs/keops/Wilson_pol/cglb-Matern32-4096-fp64/1003" -s 1003 -t fp64 train -n 2000 -d Wilson_pol sgpr -k Matern32 -m cglb -i ConditionalVariance -M 4096[0m
[30m[PID:[1m[30m152099[0m][0m [1m[34m[RUN][0m [2m[30mpython cli.py --keops -b torch -l "./logs/keops/Wilson_protein/cglb-Matern32-1024-fp64/1003" -s 1003 -t fp64 train -n 2000 -d Wilson_protein sgpr -k Matern32 -m cglb -i ConditionalVariance -M 1024[0m
[30m[PID:[1m[30m152099[0m][0m [1m[32m[SUCCESS][0m [2m[30mpython cli.py --keops -b torch -l "./logs/keops/Wilson_protein/cglb-Matern32-1024-fp64/1003" -s 1003 -t fp64 train -n 2000 -d Wilson_protein sgpr -k Matern32 -m cglb -i ConditionalVariance -M 1024[0m
[30m[PID:[1m[30m153829[0m][0m [1m[34m[RUN][0m [2m[30mpython cli.py --keops -b torch -l "./logs/keops/Wilson_protein/cglb-Matern32-2048-fp64/1003" -s 1003 -t fp64 train -n 2000 -d Wilson_protein sgpr -k Matern32 -m cglb -i ConditionalVariance -M 2048[0m
[30m[PID:[1m[30m153829[0m][0m [1m[32m[SUCCESS][0m [2m[30mpython cli.py --keops -b torch -l "./logs/keops/Wilson_protein/cglb-Matern32-2048-fp64/1003" -s 1003 -t fp64 train -n 2000 -d Wilson_protein sgpr -k Matern32 -m cglb -i ConditionalVariance -M 2048[0m
[30m[PID:[1m[30m156458[0m][0m [1m[34m[RUN][0m [2m[30mpython cli.py --keops -b torch -l "./logs/keops/Wilson_protein/cglb-Matern32-4096-fp64/1003" -s 1003 -t fp64 train -n 2000 -d Wilson_protein sgpr -k Matern32 -m cglb -i ConditionalVariance -M 4096[0m
[30m[PID:[1m[30m156458[0m][0m [1m[32m[SUCCESS][0m [2m[30mpython cli.py --keops -b torch -l "./logs/keops/Wilson_protein/cglb-Matern32-4096-fp64/1003" -s 1003 -t fp64 train -n 2000 -d Wilson_protein sgpr -k Matern32 -m cglb -i ConditionalVariance -M 4096[0m
[30m[PID:[1m[30m158328[0m][0m [1m[34m[RUN][0m [2m[30mpython cli.py --keops -b torch -l "./logs/keops/Wilson_keggundirected/cglb-Matern32-1024-fp64/1003" -s 1003 -t fp64 train -n 2000 -d Wilson_keggundirected sgpr -k Matern32 -m cglb -i ConditionalVariance -M 1024[0m
[30m[PID:[1m[30m158328[0m][0m [1m[32m[SUCCESS][0m [2m[30mpython cli.py --keops -b torch -l "./logs/keops/Wilson_keggundirected/cglb-Matern32-1024-fp64/1003" -s 1003 -t fp64 train -n 2000 -d Wilson_keggundirected sgpr -k Matern32 -m cglb -i ConditionalVariance -M 1024[0m
[30m[PID:[1m[30m161528[0m][0m [1m[34m[RUN][0m [2m[30mpython cli.py --keops -b torch -l "./logs/keops/Wilson_keggundirected/cglb-Matern32-2048-fp64/1003" -s 1003 -t fp64 train -n 2000 -d Wilson_keggundirected sgpr -k Matern32 -m cglb -i ConditionalVariance -M 2048[0m
[30m[PID:[1m[30m161528[0m][0m [1m[32m[SUCCESS][0m [2m[30mpython cli.py --keops -b torch -l "./logs/keops/Wilson_keggundirected/cglb-Matern32-2048-fp64/1003" -s 1003 -t fp64 train -n 2000 -d Wilson_keggundirected sgpr -k Matern32 -m cglb -i ConditionalVariance -M 2048[0m
[30m[PID:[1m[30m170711[0m][0m [1m[34m[RUN][0m [2m[30mpython cli.py --keops -b torch -l "./logs/keops/Wilson_keggundirected/cglb-Matern32-4096-fp64/1003" -s 1003 -t fp64 train -n 2000 -d Wilson_keggundirected sgpr -k Matern32 -m cglb -i ConditionalVariance -M 4096[0m
[30m[PID:[1m[30m170711[0m][0m [1m[31m[FAILED][0m [2m[30mpython cli.py --keops -b torch -l "./logs/keops/Wilson_keggundirected/cglb-Matern32-4096-fp64/1003" -s 1003 -t fp64 train -n 2000 -d Wilson_keggundirected sgpr -k Matern32 -m cglb -i ConditionalVariance -M 4096[0m

[1m[30mJob is done![0m
[32mSuccessfully completed [52/54][0m
[31mFailed [2/54][0m
[2m[30mSkipped [0/54][0m
[1m[30m[SKIP][0m [30m[COMPLETED][0m [2m[30mpython cli.py --keops -b torch -l "./logs/keops/Wilson_bike/cglb-Matern32-1024-fp64/1001" -s 1001 -t fp64 train -n 2000 -d Wilson_bike sgpr -k Matern32 -m cglb -i ConditionalVariance -M 1024[0m
[1m[30m[SKIP][0m [30m[COMPLETED][0m [2m[30mpython cli.py --keops -b torch -l "./logs/keops/Wilson_bike/cglb-Matern32-2048-fp64/1001" -s 1001 -t fp64 train -n 2000 -d Wilson_bike sgpr -k Matern32 -m cglb -i ConditionalVariance -M 2048[0m
[1m[30m[SKIP][0m [30m[COMPLETED][0m [2m[30mpython cli.py --keops -b torch -l "./logs/keops/Wilson_bike/cglb-Matern32-4096-fp64/1001" -s 1001 -t fp64 train -n 2000 -d Wilson_bike sgpr -k Matern32 -m cglb -i ConditionalVariance -M 4096[0m
[1m[30m[SKIP][0m [30m[COMPLETED][0m [2m[30mpython cli.py --keops -b torch -l "./logs/keops/Wilson_kin40k/cglb-Matern32-1024-fp64/1001" -s 1001 -t fp64 train -n 2000 -d Wilson_kin40k sgpr -k Matern32 -m cglb -i ConditionalVariance -M 1024[0m
[1m[30m[SKIP][0m [30m[COMPLETED][0m [2m[30mpython cli.py --keops -b torch -l "./logs/keops/Wilson_kin40k/cglb-Matern32-2048-fp64/1001" -s 1001 -t fp64 train -n 2000 -d Wilson_kin40k sgpr -k Matern32 -m cglb -i ConditionalVariance -M 2048[0m
[1m[30m[SKIP][0m [30m[COMPLETED][0m [2m[30mpython cli.py --keops -b torch -l "./logs/keops/Wilson_kin40k/cglb-Matern32-4096-fp64/1001" -s 1001 -t fp64 train -n 2000 -d Wilson_kin40k sgpr -k Matern32 -m cglb -i ConditionalVariance -M 4096[0m
[1m[30m[SKIP][0m [30m[COMPLETED][0m [2m[30mpython cli.py --keops -b torch -l "./logs/keops/Wilson_elevators/cglb-Matern32-1024-fp64/1001" -s 1001 -t fp64 train -n 2000 -d Wilson_elevators sgpr -k Matern32 -m cglb -i ConditionalVariance -M 1024[0m
[1m[30m[SKIP][0m [30m[COMPLETED][0m [2m[30mpython cli.py --keops -b torch -l "./logs/keops/Wilson_elevators/cglb-Matern32-2048-fp64/1001" -s 1001 -t fp64 train -n 2000 -d Wilson_elevators sgpr -k Matern32 -m cglb -i ConditionalVariance -M 2048[0m
[1m[30m[SKIP][0m [30m[COMPLETED][0m [2m[30mpython cli.py --keops -b torch -l "./logs/keops/Wilson_elevators/cglb-Matern32-4096-fp64/1001" -s 1001 -t fp64 train -n 2000 -d Wilson_elevators sgpr -k Matern32 -m cglb -i ConditionalVariance -M 4096[0m
[1m[30m[SKIP][0m [30m[COMPLETED][0m [2m[30mpython cli.py --keops -b torch -l "./logs/keops/Wilson_pol/cglb-Matern32-1024-fp64/1001" -s 1001 -t fp64 train -n 2000 -d Wilson_pol sgpr -k Matern32 -m cglb -i ConditionalVariance -M 1024[0m
[1m[30m[SKIP][0m [30m[COMPLETED][0m [2m[30mpython cli.py --keops -b torch -l "./logs/keops/Wilson_pol/cglb-Matern32-2048-fp64/1001" -s 1001 -t fp64 train -n 2000 -d Wilson_pol sgpr -k Matern32 -m cglb -i ConditionalVariance -M 2048[0m
[1m[30m[SKIP][0m [30m[COMPLETED][0m [2m[30mpython cli.py --keops -b torch -l "./logs/keops/Wilson_pol/cglb-Matern32-4096-fp64/1001" -s 1001 -t fp64 train -n 2000 -d Wilson_pol sgpr -k Matern32 -m cglb -i ConditionalVariance -M 4096[0m
[1m[30m[SKIP][0m [30m[COMPLETED][0m [2m[30mpython cli.py --keops -b torch -l "./logs/keops/Wilson_protein/cglb-Matern32-1024-fp64/1001" -s 1001 -t fp64 train -n 2000 -d Wilson_protein sgpr -k Matern32 -m cglb -i ConditionalVariance -M 1024[0m
[1m[30m[SKIP][0m [30m[COMPLETED][0m [2m[30mpython cli.py --keops -b torch -l "./logs/keops/Wilson_protein/cglb-Matern32-2048-fp64/1001" -s 1001 -t fp64 train -n 2000 -d Wilson_protein sgpr -k Matern32 -m cglb -i ConditionalVariance -M 2048[0m
[1m[30m[SKIP][0m [30m[COMPLETED][0m [2m[30mpython cli.py --keops -b torch -l "./logs/keops/Wilson_protein/cglb-Matern32-4096-fp64/1001" -s 1001 -t fp64 train -n 2000 -d Wilson_protein sgpr -k Matern32 -m cglb -i ConditionalVariance -M 4096[0m
[1m[30m[SKIP][0m [30m[COMPLETED][0m [2m[30mpython cli.py --keops -b torch -l "./logs/keops/Wilson_keggundirected/cglb-Matern32-1024-fp64/1001" -s 1001 -t fp64 train -n 2000 -d Wilson_keggundirected sgpr -k Matern32 -m cglb -i ConditionalVariance -M 1024[0m
[1m[30m[SKIP][0m [30m[COMPLETED][0m [2m[30mpython cli.py --keops -b torch -l "./logs/keops/Wilson_keggundirected/cglb-Matern32-2048-fp64/1001" -s 1001 -t fp64 train -n 2000 -d Wilson_keggundirected sgpr -k Matern32 -m cglb -i ConditionalVariance -M 2048[0m
[30m[PID:[1m[30m183447[0m][0m [1m[34m[RUN][0m [2m[30mpython cli.py --keops -b torch -l "./logs/keops/Wilson_keggundirected/cglb-Matern32-4096-fp64/1001" -s 1001 -t fp64 train -n 2000 -d Wilson_keggundirected sgpr -k Matern32 -m cglb -i ConditionalVariance -M 4096[0m
[30m[PID:[1m[30m183447[0m][0m [1m[31m[FAILED][0m [2m[30mpython cli.py --keops -b torch -l "./logs/keops/Wilson_keggundirected/cglb-Matern32-4096-fp64/1001" -s 1001 -t fp64 train -n 2000 -d Wilson_keggundirected sgpr -k Matern32 -m cglb -i ConditionalVariance -M 4096[0m
[1m[30m[SKIP][0m [30m[COMPLETED][0m [2m[30mpython cli.py --keops -b torch -l "./logs/keops/Wilson_bike/cglb-Matern32-1024-fp64/1002" -s 1002 -t fp64 train -n 2000 -d Wilson_bike sgpr -k Matern32 -m cglb -i ConditionalVariance -M 1024[0m
[1m[30m[SKIP][0m [30m[COMPLETED][0m [2m[30mpython cli.py --keops -b torch -l "./logs/keops/Wilson_bike/cglb-Matern32-2048-fp64/1002" -s 1002 -t fp64 train -n 2000 -d Wilson_bike sgpr -k Matern32 -m cglb -i ConditionalVariance -M 2048[0m
[1m[30m[SKIP][0m [30m[COMPLETED][0m [2m[30mpython cli.py --keops -b torch -l "./logs/keops/Wilson_bike/cglb-Matern32-4096-fp64/1002" -s 1002 -t fp64 train -n 2000 -d Wilson_bike sgpr -k Matern32 -m cglb -i ConditionalVariance -M 4096[0m
[1m[30m[SKIP][0m [30m[COMPLETED][0m [2m[30mpython cli.py --keops -b torch -l "./logs/keops/Wilson_kin40k/cglb-Matern32-1024-fp64/1002" -s 1002 -t fp64 train -n 2000 -d Wilson_kin40k sgpr -k Matern32 -m cglb -i ConditionalVariance -M 1024[0m
[1m[30m[SKIP][0m [30m[COMPLETED][0m [2m[30mpython cli.py --keops -b torch -l "./logs/keops/Wilson_kin40k/cglb-Matern32-2048-fp64/1002" -s 1002 -t fp64 train -n 2000 -d Wilson_kin40k sgpr -k Matern32 -m cglb -i ConditionalVariance -M 2048[0m
[1m[30m[SKIP][0m [30m[COMPLETED][0m [2m[30mpython cli.py --keops -b torch -l "./logs/keops/Wilson_kin40k/cglb-Matern32-4096-fp64/1002" -s 1002 -t fp64 train -n 2000 -d Wilson_kin40k sgpr -k Matern32 -m cglb -i ConditionalVariance -M 4096[0m
[1m[30m[SKIP][0m [30m[COMPLETED][0m [2m[30mpython cli.py --keops -b torch -l "./logs/keops/Wilson_elevators/cglb-Matern32-1024-fp64/1002" -s 1002 -t fp64 train -n 2000 -d Wilson_elevators sgpr -k Matern32 -m cglb -i ConditionalVariance -M 1024[0m
[1m[30m[SKIP][0m [30m[COMPLETED][0m [2m[30mpython cli.py --keops -b torch -l "./logs/keops/Wilson_elevators/cglb-Matern32-2048-fp64/1002" -s 1002 -t fp64 train -n 2000 -d Wilson_elevators sgpr -k Matern32 -m cglb -i ConditionalVariance -M 2048[0m
[1m[30m[SKIP][0m [30m[COMPLETED][0m [2m[30mpython cli.py --keops -b torch -l "./logs/keops/Wilson_elevators/cglb-Matern32-4096-fp64/1002" -s 1002 -t fp64 train -n 2000 -d Wilson_elevators sgpr -k Matern32 -m cglb -i ConditionalVariance -M 4096[0m
[1m[30m[SKIP][0m [30m[COMPLETED][0m [2m[30mpython cli.py --keops -b torch -l "./logs/keops/Wilson_pol/cglb-Matern32-1024-fp64/1002" -s 1002 -t fp64 train -n 2000 -d Wilson_pol sgpr -k Matern32 -m cglb -i ConditionalVariance -M 1024[0m
[1m[30m[SKIP][0m [30m[COMPLETED][0m [2m[30mpython cli.py --keops -b torch -l "./logs/keops/Wilson_pol/cglb-Matern32-2048-fp64/1002" -s 1002 -t fp64 train -n 2000 -d Wilson_pol sgpr -k Matern32 -m cglb -i ConditionalVariance -M 2048[0m
[1m[30m[SKIP][0m [30m[COMPLETED][0m [2m[30mpython cli.py --keops -b torch -l "./logs/keops/Wilson_pol/cglb-Matern32-4096-fp64/1002" -s 1002 -t fp64 train -n 2000 -d Wilson_pol sgpr -k Matern32 -m cglb -i ConditionalVariance -M 4096[0m
[1m[30m[SKIP][0m [30m[COMPLETED][0m [2m[30mpython cli.py --keops -b torch -l "./logs/keops/Wilson_protein/cglb-Matern32-1024-fp64/1002" -s 1002 -t fp64 train -n 2000 -d Wilson_protein sgpr -k Matern32 -m cglb -i ConditionalVariance -M 1024[0m
[1m[30m[SKIP][0m [30m[COMPLETED][0m [2m[30mpython cli.py --keops -b torch -l "./logs/keops/Wilson_protein/cglb-Matern32-2048-fp64/1002" -s 1002 -t fp64 train -n 2000 -d Wilson_protein sgpr -k Matern32 -m cglb -i ConditionalVariance -M 2048[0m
[1m[30m[SKIP][0m [30m[COMPLETED][0m [2m[30mpython cli.py --keops -b torch -l "./logs/keops/Wilson_protein/cglb-Matern32-4096-fp64/1002" -s 1002 -t fp64 train -n 2000 -d Wilson_protein sgpr -k Matern32 -m cglb -i ConditionalVariance -M 4096[0m
[1m[30m[SKIP][0m [30m[COMPLETED][0m [2m[30mpython cli.py --keops -b torch -l "./logs/keops/Wilson_keggundirected/cglb-Matern32-1024-fp64/1002" -s 1002 -t fp64 train -n 2000 -d Wilson_keggundirected sgpr -k Matern32 -m cglb -i ConditionalVariance -M 1024[0m
[1m[30m[SKIP][0m [30m[COMPLETED][0m [2m[30mpython cli.py --keops -b torch -l "./logs/keops/Wilson_keggundirected/cglb-Matern32-2048-fp64/1002" -s 1002 -t fp64 train -n 2000 -d Wilson_keggundirected sgpr -k Matern32 -m cglb -i ConditionalVariance -M 2048[0m
[1m[30m[SKIP][0m [30m[COMPLETED][0m [2m[30mpython cli.py --keops -b torch -l "./logs/keops/Wilson_keggundirected/cglb-Matern32-4096-fp64/1002" -s 1002 -t fp64 train -n 2000 -d Wilson_keggundirected sgpr -k Matern32 -m cglb -i ConditionalVariance -M 4096[0m
[1m[30m[SKIP][0m [30m[COMPLETED][0m [2m[30mpython cli.py --keops -b torch -l "./logs/keops/Wilson_bike/cglb-Matern32-1024-fp64/1003" -s 1003 -t fp64 train -n 2000 -d Wilson_bike sgpr -k Matern32 -m cglb -i ConditionalVariance -M 1024[0m
[1m[30m[SKIP][0m [30m[COMPLETED][0m [2m[30mpython cli.py --keops -b torch -l "./logs/keops/Wilson_bike/cglb-Matern32-2048-fp64/1003" -s 1003 -t fp64 train -n 2000 -d Wilson_bike sgpr -k Matern32 -m cglb -i ConditionalVariance -M 2048[0m
[1m[30m[SKIP][0m [30m[COMPLETED][0m [2m[30mpython cli.py --keops -b torch -l "./logs/keops/Wilson_bike/cglb-Matern32-4096-fp64/1003" -s 1003 -t fp64 train -n 2000 -d Wilson_bike sgpr -k Matern32 -m cglb -i ConditionalVariance -M 4096[0m
[1m[30m[SKIP][0m [30m[COMPLETED][0m [2m[30mpython cli.py --keops -b torch -l "./logs/keops/Wilson_kin40k/cglb-Matern32-1024-fp64/1003" -s 1003 -t fp64 train -n 2000 -d Wilson_kin40k sgpr -k Matern32 -m cglb -i ConditionalVariance -M 1024[0m
[1m[30m[SKIP][0m [30m[COMPLETED][0m [2m[30mpython cli.py --keops -b torch -l "./logs/keops/Wilson_kin40k/cglb-Matern32-2048-fp64/1003" -s 1003 -t fp64 train -n 2000 -d Wilson_kin40k sgpr -k Matern32 -m cglb -i ConditionalVariance -M 2048[0m
[1m[30m[SKIP][0m [30m[COMPLETED][0m [2m[30mpython cli.py --keops -b torch -l "./logs/keops/Wilson_kin40k/cglb-Matern32-4096-fp64/1003" -s 1003 -t fp64 train -n 2000 -d Wilson_kin40k sgpr -k Matern32 -m cglb -i ConditionalVariance -M 4096[0m
[1m[30m[SKIP][0m [30m[COMPLETED][0m [2m[30mpython cli.py --keops -b torch -l "./logs/keops/Wilson_elevators/cglb-Matern32-1024-fp64/1003" -s 1003 -t fp64 train -n 2000 -d Wilson_elevators sgpr -k Matern32 -m cglb -i ConditionalVariance -M 1024[0m
[1m[30m[SKIP][0m [30m[COMPLETED][0m [2m[30mpython cli.py --keops -b torch -l "./logs/keops/Wilson_elevators/cglb-Matern32-2048-fp64/1003" -s 1003 -t fp64 train -n 2000 -d Wilson_elevators sgpr -k Matern32 -m cglb -i ConditionalVariance -M 2048[0m
[1m[30m[SKIP][0m [30m[COMPLETED][0m [2m[30mpython cli.py --keops -b torch -l "./logs/keops/Wilson_elevators/cglb-Matern32-4096-fp64/1003" -s 1003 -t fp64 train -n 2000 -d Wilson_elevators sgpr -k Matern32 -m cglb -i ConditionalVariance -M 4096[0m
[1m[30m[SKIP][0m [30m[COMPLETED][0m [2m[30mpython cli.py --keops -b torch -l "./logs/keops/Wilson_pol/cglb-Matern32-1024-fp64/1003" -s 1003 -t fp64 train -n 2000 -d Wilson_pol sgpr -k Matern32 -m cglb -i ConditionalVariance -M 1024[0m
[1m[30m[SKIP][0m [30m[COMPLETED][0m [2m[30mpython cli.py --keops -b torch -l "./logs/keops/Wilson_pol/cglb-Matern32-2048-fp64/1003" -s 1003 -t fp64 train -n 2000 -d Wilson_pol sgpr -k Matern32 -m cglb -i ConditionalVariance -M 2048[0m
[1m[30m[SKIP][0m [30m[COMPLETED][0m [2m[30mpython cli.py --keops -b torch -l "./logs/keops/Wilson_pol/cglb-Matern32-4096-fp64/1003" -s 1003 -t fp64 train -n 2000 -d Wilson_pol sgpr -k Matern32 -m cglb -i ConditionalVariance -M 4096[0m
[1m[30m[SKIP][0m [30m[COMPLETED][0m [2m[30mpython cli.py --keops -b torch -l "./logs/keops/Wilson_protein/cglb-Matern32-1024-fp64/1003" -s 1003 -t fp64 train -n 2000 -d Wilson_protein sgpr -k Matern32 -m cglb -i ConditionalVariance -M 1024[0m
[1m[30m[SKIP][0m [30m[COMPLETED][0m [2m[30mpython cli.py --keops -b torch -l "./logs/keops/Wilson_protein/cglb-Matern32-2048-fp64/1003" -s 1003 -t fp64 train -n 2000 -d Wilson_protein sgpr -k Matern32 -m cglb -i ConditionalVariance -M 2048[0m
[1m[30m[SKIP][0m [30m[COMPLETED][0m [2m[30mpython cli.py --keops -b torch -l "./logs/keops/Wilson_protein/cglb-Matern32-4096-fp64/1003" -s 1003 -t fp64 train -n 2000 -d Wilson_protein sgpr -k Matern32 -m cglb -i ConditionalVariance -M 4096[0m
[1m[30m[SKIP][0m [30m[COMPLETED][0m [2m[30mpython cli.py --keops -b torch -l "./logs/keops/Wilson_keggundirected/cglb-Matern32-1024-fp64/1003" -s 1003 -t fp64 train -n 2000 -d Wilson_keggundirected sgpr -k Matern32 -m cglb -i ConditionalVariance -M 1024[0m
[1m[30m[SKIP][0m [30m[COMPLETED][0m [2m[30mpython cli.py --keops -b torch -l "./logs/keops/Wilson_keggundirected/cglb-Matern32-2048-fp64/1003" -s 1003 -t fp64 train -n 2000 -d Wilson_keggundirected sgpr -k Matern32 -m cglb -i ConditionalVariance -M 2048[0m
[30m[PID:[1m[30m184107[0m][0m [1m[34m[RUN][0m [2m[30mpython cli.py --keops -b torch -l "./logs/keops/Wilson_keggundirected/cglb-Matern32-4096-fp64/1003" -s 1003 -t fp64 train -n 2000 -d Wilson_keggundirected sgpr -k Matern32 -m cglb -i ConditionalVariance -M 4096[0m
